/home/wx/Learn/pj1_ws/install/pj1_basics/lib/python3.12/site-packages/pj1_basics/message_publisher.py
/home/wx/Learn/pj1_ws/install/pj1_basics/lib/python3.12/site-packages/pj1_basics/message_subscriber.py
/home/wx/Learn/pj1_ws/install/pj1_basics/lib/python3.12/site-packages/pj1_basics/minimal_node.py
/home/wx/Learn/pj1_ws/install/pj1_basics/lib/python3.12/site-packages/pj1_basics/joint_monitor.py
/home/wx/Learn/pj1_ws/install/pj1_basics/lib/python3.12/site-packages/pj1_basics/virtual_arm.py
/home/wx/Learn/pj1_ws/install/pj1_basics/lib/python3.12/site-packages/pj1_basics/__init__.py
/home/wx/Learn/pj1_ws/install/pj1_basics/lib/python3.12/site-packages/pj1_basics/__pycache__/message_publisher.cpython-312.pyc
/home/wx/Learn/pj1_ws/install/pj1_basics/lib/python3.12/site-packages/pj1_basics/__pycache__/message_subscriber.cpython-312.pyc
/home/wx/Learn/pj1_ws/install/pj1_basics/lib/python3.12/site-packages/pj1_basics/__pycache__/minimal_node.cpython-312.pyc
/home/wx/Learn/pj1_ws/install/pj1_basics/lib/python3.12/site-packages/pj1_basics/__pycache__/joint_monitor.cpython-312.pyc
/home/wx/Learn/pj1_ws/install/pj1_basics/lib/python3.12/site-packages/pj1_basics/__pycache__/virtual_arm.cpython-312.pyc
/home/wx/Learn/pj1_ws/install/pj1_basics/lib/python3.12/site-packages/pj1_basics/__pycache__/__init__.cpython-312.pyc
/home/wx/Learn/pj1_ws/install/pj1_basics/share/ament_index/resource_index/packages/pj1_basics
/home/wx/Learn/pj1_ws/install/pj1_basics/share/pj1_basics/package.xml
/home/wx/Learn/pj1_ws/install/pj1_basics/lib/python3.12/site-packages/pj1_basics-0.0.0-py3.12.egg-info/requires.txt
/home/wx/Learn/pj1_ws/install/pj1_basics/lib/python3.12/site-packages/pj1_basics-0.0.0-py3.12.egg-info/zip-safe
/home/wx/Learn/pj1_ws/install/pj1_basics/lib/python3.12/site-packages/pj1_basics-0.0.0-py3.12.egg-info/dependency_links.txt
/home/wx/Learn/pj1_ws/install/pj1_basics/lib/python3.12/site-packages/pj1_basics-0.0.0-py3.12.egg-info/top_level.txt
/home/wx/Learn/pj1_ws/install/pj1_basics/lib/python3.12/site-packages/pj1_basics-0.0.0-py3.12.egg-info/PKG-INFO
/home/wx/Learn/pj1_ws/install/pj1_basics/lib/python3.12/site-packages/pj1_basics-0.0.0-py3.12.egg-info/SOURCES.txt
/home/wx/Learn/pj1_ws/install/pj1_basics/lib/python3.12/site-packages/pj1_basics-0.0.0-py3.12.egg-info/entry_points.txt
/home/wx/Learn/pj1_ws/install/pj1_basics/lib/pj1_basics/joint_monitor
/home/wx/Learn/pj1_ws/install/pj1_basics/lib/pj1_basics/message_publisher
/home/wx/Learn/pj1_ws/install/pj1_basics/lib/pj1_basics/message_subscriber
/home/wx/Learn/pj1_ws/install/pj1_basics/lib/pj1_basics/minimal_node
/home/wx/Learn/pj1_ws/install/pj1_basics/lib/pj1_basics/virtual_arm
