[0.401s] Invoking command in '/home/wx/Learn/pj1_ws/src/pj1_basics': DEBUGINFOD_URLS=https://debuginfod.ubuntu.com PS1=(.venv) PYTHONPATH=/home/wx/Learn/pj1_ws/build/pj1_basics/prefix_override:/usr/lib/python3/dist-packages/colcon_core/task/python/colcon_distutils_commands:/home/wx/Learn/pj1_ws/install/pj1_basics/lib/python3.12/site-packages:${PYTHONPATH} VIRTUAL_ENV_PROMPT=(.venv) /usr/bin/python3 -W ignore:setup.py install is deprecated -W ignore:easy_install command is deprecated setup.py egg_info --egg-base ../../build/pj1_basics build --build-base /home/wx/Learn/pj1_ws/build/pj1_basics/build install --record /home/wx/Learn/pj1_ws/build/pj1_basics/install.log --install-scripts $base/lib/pj1_basics --single-version-externally-managed install_data
[0.528s] running egg_info
[0.536s] writing ../../build/pj1_basics/pj1_basics.egg-info/PKG-INFO
[0.537s] writing dependency_links to ../../build/pj1_basics/pj1_basics.egg-info/dependency_links.txt
[0.537s] writing entry points to ../../build/pj1_basics/pj1_basics.egg-info/entry_points.txt
[0.537s] writing requirements to ../../build/pj1_basics/pj1_basics.egg-info/requires.txt
[0.537s] writing top-level names to ../../build/pj1_basics/pj1_basics.egg-info/top_level.txt
[0.554s] reading manifest file '../../build/pj1_basics/pj1_basics.egg-info/SOURCES.txt'
[0.554s] writing manifest file '../../build/pj1_basics/pj1_basics.egg-info/SOURCES.txt'
[0.554s] running build
[0.554s] running build_py
[0.554s] copying pj1_basics/joint_monitor.py -> /home/wx/Learn/pj1_ws/build/pj1_basics/build/lib/pj1_basics
[0.555s] copying pj1_basics/virtual_arm.py -> /home/wx/Learn/pj1_ws/build/pj1_basics/build/lib/pj1_basics
[0.555s] running install
[0.558s] running install_lib
[0.567s] copying /home/wx/Learn/pj1_ws/build/pj1_basics/build/lib/pj1_basics/joint_monitor.py -> /home/wx/Learn/pj1_ws/install/pj1_basics/lib/python3.12/site-packages/pj1_basics
[0.567s] copying /home/wx/Learn/pj1_ws/build/pj1_basics/build/lib/pj1_basics/virtual_arm.py -> /home/wx/Learn/pj1_ws/install/pj1_basics/lib/python3.12/site-packages/pj1_basics
[0.567s] byte-compiling /home/wx/Learn/pj1_ws/install/pj1_basics/lib/python3.12/site-packages/pj1_basics/joint_monitor.py to joint_monitor.cpython-312.pyc
[0.568s] byte-compiling /home/wx/Learn/pj1_ws/install/pj1_basics/lib/python3.12/site-packages/pj1_basics/virtual_arm.py to virtual_arm.cpython-312.pyc
[0.568s] running install_data
[0.568s] copying package.xml -> /home/wx/Learn/pj1_ws/install/pj1_basics/share/pj1_basics
[0.568s] running install_egg_info
[0.578s] removing '/home/wx/Learn/pj1_ws/install/pj1_basics/lib/python3.12/site-packages/pj1_basics-0.0.0-py3.12.egg-info' (and everything under it)
[0.578s] Copying ../../build/pj1_basics/pj1_basics.egg-info to /home/wx/Learn/pj1_ws/install/pj1_basics/lib/python3.12/site-packages/pj1_basics-0.0.0-py3.12.egg-info
[0.578s] running install_scripts
[0.643s] Installing joint_monitor script to /home/wx/Learn/pj1_ws/install/pj1_basics/lib/pj1_basics
[0.644s] Installing message_publisher script to /home/wx/Learn/pj1_ws/install/pj1_basics/lib/pj1_basics
[0.644s] Installing message_subscriber script to /home/wx/Learn/pj1_ws/install/pj1_basics/lib/pj1_basics
[0.644s] Installing minimal_node script to /home/wx/Learn/pj1_ws/install/pj1_basics/lib/pj1_basics
[0.644s] Installing virtual_arm script to /home/wx/Learn/pj1_ws/install/pj1_basics/lib/pj1_basics
[0.644s] writing list of installed files to '/home/wx/Learn/pj1_ws/build/pj1_basics/install.log'
[0.661s] Invoked command in '/home/wx/Learn/pj1_ws/src/pj1_basics' returned '0': DEBUGINFOD_URLS=https://debuginfod.ubuntu.com PS1=(.venv) PYTHONPATH=/home/wx/Learn/pj1_ws/build/pj1_basics/prefix_override:/usr/lib/python3/dist-packages/colcon_core/task/python/colcon_distutils_commands:/home/wx/Learn/pj1_ws/install/pj1_basics/lib/python3.12/site-packages:${PYTHONPATH} VIRTUAL_ENV_PROMPT=(.venv) /usr/bin/python3 -W ignore:setup.py install is deprecated -W ignore:easy_install command is deprecated setup.py egg_info --egg-base ../../build/pj1_basics build --build-base /home/wx/Learn/pj1_ws/build/pj1_basics/build install --record /home/wx/Learn/pj1_ws/build/pj1_basics/install.log --install-scripts $base/lib/pj1_basics --single-version-externally-managed install_data
