[0.054s] DEBUG:colcon:Command line arguments: ['/usr/bin/colcon', 'build', '--packages-select', 'pj1_basics']
[0.054s] DEBUG:colcon:Parsed command line arguments: Namespace(log_base=None, log_level=None, verb_name='build', build_base='build', install_base='install', merge_install=False, symlink_install=False, test_result_base=None, continue_on_error=False, executor='parallel', parallel_workers=16, event_handlers=None, ignore_user_meta=False, metas=['./colcon.meta'], base_paths=['.'], packages_ignore=None, packages_ignore_regex=None, paths=None, packages_up_to=None, packages_up_to_regex=None, packages_above=None, packages_above_and_dependencies=None, packages_above_depth=None, packages_select_by_dep=None, packages_skip_by_dep=None, packages_skip_up_to=None, packages_select_build_failed=False, packages_skip_build_finished=False, packages_select_test_failures=False, packages_skip_test_passed=False, packages_select=['pj1_basics'], packages_skip=None, packages_select_regex=None, packages_skip_regex=None, packages_start=None, packages_end=None, allow_overriding=[], cmake_args=None, cmake_target=None, cmake_target_skip_unavailable=False, cmake_clean_cache=False, cmake_clean_first=False, cmake_force_configure=False, ament_cmake_args=None, catkin_cmake_args=None, catkin_skip_building_tests=False, verb_parser=<colcon_defaults.argument_parser.defaults.DefaultArgumentsDecorator object at 0x7c1266d66600>, verb_extension=<colcon_core.verb.build.BuildVerb object at 0x7c1266d66390>, main=<bound method BuildVerb.main of <colcon_core.verb.build.BuildVerb object at 0x7c1266d66390>>)
[0.076s] Level 1:colcon.colcon_core.package_discovery:discover_packages(colcon_meta) check parameters
[0.076s] Level 1:colcon.colcon_core.package_discovery:discover_packages(recursive) check parameters
[0.076s] Level 1:colcon.colcon_core.package_discovery:discover_packages(ignore) check parameters
[0.076s] Level 1:colcon.colcon_core.package_discovery:discover_packages(path) check parameters
[0.076s] Level 1:colcon.colcon_core.package_discovery:discover_packages(colcon_meta) discover
[0.076s] Level 1:colcon.colcon_core.package_discovery:discover_packages(recursive) discover
[0.076s] INFO:colcon.colcon_core.package_discovery:Crawling recursively for packages in '/home/wx/Learn/pj1_ws'
[0.077s] Level 1:colcon.colcon_core.package_identification:_identify(.) by extensions ['ignore', 'ignore_ament_install']
[0.077s] Level 1:colcon.colcon_core.package_identification:_identify(.) by extension 'ignore'
[0.077s] Level 1:colcon.colcon_core.package_identification:_identify(.) by extension 'ignore_ament_install'
[0.077s] Level 1:colcon.colcon_core.package_identification:_identify(.) by extensions ['colcon_pkg']
[0.077s] Level 1:colcon.colcon_core.package_identification:_identify(.) by extension 'colcon_pkg'
[0.077s] Level 1:colcon.colcon_core.package_identification:_identify(.) by extensions ['colcon_meta']
[0.077s] Level 1:colcon.colcon_core.package_identification:_identify(.) by extension 'colcon_meta'
[0.077s] Level 1:colcon.colcon_core.package_identification:_identify(.) by extensions ['ros']
[0.077s] Level 1:colcon.colcon_core.package_identification:_identify(.) by extension 'ros'
[0.091s] Level 1:colcon.colcon_core.package_identification:_identify(.) by extensions ['cmake', 'python']
[0.091s] Level 1:colcon.colcon_core.package_identification:_identify(.) by extension 'cmake'
[0.091s] Level 1:colcon.colcon_core.package_identification:_identify(.) by extension 'python'
[0.091s] Level 1:colcon.colcon_core.package_identification:_identify(.) by extensions ['python_setup_py']
[0.091s] Level 1:colcon.colcon_core.package_identification:_identify(.) by extension 'python_setup_py'
[0.091s] Level 1:colcon.colcon_core.package_identification:_identify(build) by extensions ['ignore', 'ignore_ament_install']
[0.091s] Level 1:colcon.colcon_core.package_identification:_identify(build) by extension 'ignore'
[0.091s] Level 1:colcon.colcon_core.package_identification:_identify(build) ignored
[0.091s] Level 1:colcon.colcon_core.package_identification:_identify(install) by extensions ['ignore', 'ignore_ament_install']
[0.091s] Level 1:colcon.colcon_core.package_identification:_identify(install) by extension 'ignore'
[0.091s] Level 1:colcon.colcon_core.package_identification:_identify(install) ignored
[0.091s] Level 1:colcon.colcon_core.package_identification:_identify(log) by extensions ['ignore', 'ignore_ament_install']
[0.091s] Level 1:colcon.colcon_core.package_identification:_identify(log) by extension 'ignore'
[0.091s] Level 1:colcon.colcon_core.package_identification:_identify(log) ignored
[0.091s] Level 1:colcon.colcon_core.package_identification:_identify(src) by extensions ['ignore', 'ignore_ament_install']
[0.091s] Level 1:colcon.colcon_core.package_identification:_identify(src) by extension 'ignore'
[0.091s] Level 1:colcon.colcon_core.package_identification:_identify(src) by extension 'ignore_ament_install'
[0.091s] Level 1:colcon.colcon_core.package_identification:_identify(src) by extensions ['colcon_pkg']
[0.091s] Level 1:colcon.colcon_core.package_identification:_identify(src) by extension 'colcon_pkg'
[0.091s] Level 1:colcon.colcon_core.package_identification:_identify(src) by extensions ['colcon_meta']
[0.091s] Level 1:colcon.colcon_core.package_identification:_identify(src) by extension 'colcon_meta'
[0.091s] Level 1:colcon.colcon_core.package_identification:_identify(src) by extensions ['ros']
[0.091s] Level 1:colcon.colcon_core.package_identification:_identify(src) by extension 'ros'
[0.091s] Level 1:colcon.colcon_core.package_identification:_identify(src) by extensions ['cmake', 'python']
[0.091s] Level 1:colcon.colcon_core.package_identification:_identify(src) by extension 'cmake'
[0.091s] Level 1:colcon.colcon_core.package_identification:_identify(src) by extension 'python'
[0.091s] Level 1:colcon.colcon_core.package_identification:_identify(src) by extensions ['python_setup_py']
[0.091s] Level 1:colcon.colcon_core.package_identification:_identify(src) by extension 'python_setup_py'
[0.091s] Level 1:colcon.colcon_core.package_identification:_identify(src/pj1_basics) by extensions ['ignore', 'ignore_ament_install']
[0.091s] Level 1:colcon.colcon_core.package_identification:_identify(src/pj1_basics) by extension 'ignore'
[0.091s] Level 1:colcon.colcon_core.package_identification:_identify(src/pj1_basics) by extension 'ignore_ament_install'
[0.091s] Level 1:colcon.colcon_core.package_identification:_identify(src/pj1_basics) by extensions ['colcon_pkg']
[0.092s] Level 1:colcon.colcon_core.package_identification:_identify(src/pj1_basics) by extension 'colcon_pkg'
[0.092s] Level 1:colcon.colcon_core.package_identification:_identify(src/pj1_basics) by extensions ['colcon_meta']
[0.092s] Level 1:colcon.colcon_core.package_identification:_identify(src/pj1_basics) by extension 'colcon_meta'
[0.092s] Level 1:colcon.colcon_core.package_identification:_identify(src/pj1_basics) by extensions ['ros']
[0.092s] Level 1:colcon.colcon_core.package_identification:_identify(src/pj1_basics) by extension 'ros'
[0.093s] DEBUG:colcon.colcon_core.package_identification:Package 'src/pj1_basics' with type 'ros.ament_python' and name 'pj1_basics'
[0.093s] Level 1:colcon.colcon_core.package_discovery:discover_packages(recursive) using defaults
[0.093s] Level 1:colcon.colcon_core.package_discovery:discover_packages(ignore) discover
[0.093s] Level 1:colcon.colcon_core.package_discovery:discover_packages(ignore) using defaults
[0.093s] Level 1:colcon.colcon_core.package_discovery:discover_packages(path) discover
[0.093s] Level 1:colcon.colcon_core.package_discovery:discover_packages(path) using defaults
[0.103s] Level 1:colcon.colcon_core.package_discovery:discover_packages(prefix_path) check parameters
[0.103s] Level 1:colcon.colcon_core.package_discovery:discover_packages(prefix_path) discover
[0.105s] DEBUG:colcon.colcon_installed_package_information.package_discovery:Found 293 installed packages in /opt/ros/jazzy
[0.105s] Level 1:colcon.colcon_core.package_discovery:discover_packages(prefix_path) using defaults
[0.127s] Level 5:colcon.colcon_core.verb:set package 'pj1_basics' build argument 'cmake_args' from command line to 'None'
[0.127s] Level 5:colcon.colcon_core.verb:set package 'pj1_basics' build argument 'cmake_target' from command line to 'None'
[0.127s] Level 5:colcon.colcon_core.verb:set package 'pj1_basics' build argument 'cmake_target_skip_unavailable' from command line to 'False'
[0.127s] Level 5:colcon.colcon_core.verb:set package 'pj1_basics' build argument 'cmake_clean_cache' from command line to 'False'
[0.127s] Level 5:colcon.colcon_core.verb:set package 'pj1_basics' build argument 'cmake_clean_first' from command line to 'False'
[0.127s] Level 5:colcon.colcon_core.verb:set package 'pj1_basics' build argument 'cmake_force_configure' from command line to 'False'
[0.127s] Level 5:colcon.colcon_core.verb:set package 'pj1_basics' build argument 'ament_cmake_args' from command line to 'None'
[0.127s] Level 5:colcon.colcon_core.verb:set package 'pj1_basics' build argument 'catkin_cmake_args' from command line to 'None'
[0.127s] Level 5:colcon.colcon_core.verb:set package 'pj1_basics' build argument 'catkin_skip_building_tests' from command line to 'False'
[0.128s] DEBUG:colcon.colcon_core.verb:Building package 'pj1_basics' with the following arguments: {'ament_cmake_args': None, 'build_base': '/home/wx/Learn/pj1_ws/build/pj1_basics', 'catkin_cmake_args': None, 'catkin_skip_building_tests': False, 'cmake_args': None, 'cmake_clean_cache': False, 'cmake_clean_first': False, 'cmake_force_configure': False, 'cmake_target': None, 'cmake_target_skip_unavailable': False, 'install_base': '/home/wx/Learn/pj1_ws/install/pj1_basics', 'merge_install': False, 'path': '/home/wx/Learn/pj1_ws/src/pj1_basics', 'symlink_install': False, 'test_result_base': None}
[0.128s] INFO:colcon.colcon_core.executor:Executing jobs using 'parallel' executor
[0.128s] DEBUG:colcon.colcon_parallel_executor.executor.parallel:run_until_complete
[0.128s] INFO:colcon.colcon_ros.task.ament_python.build:Building ROS package in '/home/wx/Learn/pj1_ws/src/pj1_basics' with build type 'ament_python'
[0.128s] Level 1:colcon.colcon_core.shell:create_environment_hook('pj1_basics', 'ament_prefix_path')
[0.129s] INFO:colcon.colcon_core.plugin_system:Skipping extension 'colcon_core.shell.bat': Not used on non-Windows systems
[0.129s] INFO:colcon.colcon_core.shell:Creating environment hook '/home/wx/Learn/pj1_ws/install/pj1_basics/share/pj1_basics/hook/ament_prefix_path.ps1'
[0.130s] INFO:colcon.colcon_core.shell:Creating environment descriptor '/home/wx/Learn/pj1_ws/install/pj1_basics/share/pj1_basics/hook/ament_prefix_path.dsv'
[0.130s] INFO:colcon.colcon_core.shell:Creating environment hook '/home/wx/Learn/pj1_ws/install/pj1_basics/share/pj1_basics/hook/ament_prefix_path.sh'
[0.131s] INFO:colcon.colcon_core.shell:Skip shell extension 'powershell' for command environment: Not usable outside of PowerShell
[0.131s] DEBUG:colcon.colcon_core.shell:Skip shell extension 'dsv' for command environment
[0.241s] INFO:colcon.colcon_core.task.python.build:Building Python package in '/home/wx/Learn/pj1_ws/src/pj1_basics'
[0.242s] INFO:colcon.colcon_core.shell:Skip shell extension 'powershell' for command environment: Not usable outside of PowerShell
[0.242s] DEBUG:colcon.colcon_core.shell:Skip shell extension 'dsv' for command environment
[0.523s] DEBUG:colcon.colcon_core.task.python.build:Available setuptools commands: bdist_wheel, bdist_dumb, develop, editable_wheel, compile_catalog, alias, symlink_data, update_catalog, bdist_rpm, bdist_egg, install_scripts, install_data, register, build_py, install_lib, clean, sdist, dist_info, build_clib, install_headers, setopt, upload_docs, build, install_egg_info, easy_install, egg_info, bdist, saveopts, build_ext, test, init_catalog, rotate, upload, extract_messages, install, check, build_scripts
[0.525s] DEBUG:colcon.colcon_core.event_handler.log_command:Invoking command in '/home/wx/Learn/pj1_ws/src/pj1_basics': DEBUGINFOD_URLS=https://debuginfod.ubuntu.com PS1=(.venv) PYTHONPATH=/home/wx/Learn/pj1_ws/build/pj1_basics/prefix_override:/usr/lib/python3/dist-packages/colcon_core/task/python/colcon_distutils_commands:/home/wx/Learn/pj1_ws/install/pj1_basics/lib/python3.12/site-packages:${PYTHONPATH} VIRTUAL_ENV_PROMPT=(.venv) /usr/bin/python3 -W ignore:setup.py install is deprecated -W ignore:easy_install command is deprecated setup.py egg_info --egg-base ../../build/pj1_basics build --build-base /home/wx/Learn/pj1_ws/build/pj1_basics/build install --record /home/wx/Learn/pj1_ws/build/pj1_basics/install.log --install-scripts $base/lib/pj1_basics --single-version-externally-managed install_data
[0.787s] DEBUG:colcon.colcon_core.event_handler.log_command:Invoked command in '/home/wx/Learn/pj1_ws/src/pj1_basics' returned '0': DEBUGINFOD_URLS=https://debuginfod.ubuntu.com PS1=(.venv) PYTHONPATH=/home/wx/Learn/pj1_ws/build/pj1_basics/prefix_override:/usr/lib/python3/dist-packages/colcon_core/task/python/colcon_distutils_commands:/home/wx/Learn/pj1_ws/install/pj1_basics/lib/python3.12/site-packages:${PYTHONPATH} VIRTUAL_ENV_PROMPT=(.venv) /usr/bin/python3 -W ignore:setup.py install is deprecated -W ignore:easy_install command is deprecated setup.py egg_info --egg-base ../../build/pj1_basics build --build-base /home/wx/Learn/pj1_ws/build/pj1_basics/build install --record /home/wx/Learn/pj1_ws/build/pj1_basics/install.log --install-scripts $base/lib/pj1_basics --single-version-externally-managed install_data
[0.788s] Level 1:colcon.colcon_core.environment:checking '/home/wx/Learn/pj1_ws/install/pj1_basics' for CMake module files
[0.788s] Level 1:colcon.colcon_core.environment:checking '/home/wx/Learn/pj1_ws/install/pj1_basics' for CMake config files
[0.789s] Level 1:colcon.colcon_core.environment:checking '/home/wx/Learn/pj1_ws/install/pj1_basics/lib'
[0.789s] Level 1:colcon.colcon_core.environment:checking '/home/wx/Learn/pj1_ws/install/pj1_basics/bin'
[0.789s] Level 1:colcon.colcon_core.environment:checking '/home/wx/Learn/pj1_ws/install/pj1_basics/lib/pkgconfig/pj1_basics.pc'
[0.789s] Level 1:colcon.colcon_core.environment:checking '/home/wx/Learn/pj1_ws/install/pj1_basics/lib/python3.12/site-packages'
[0.789s] Level 1:colcon.colcon_core.shell:create_environment_hook('pj1_basics', 'pythonpath')
[0.789s] INFO:colcon.colcon_core.shell:Creating environment hook '/home/wx/Learn/pj1_ws/install/pj1_basics/share/pj1_basics/hook/pythonpath.ps1'
[0.789s] INFO:colcon.colcon_core.shell:Creating environment descriptor '/home/wx/Learn/pj1_ws/install/pj1_basics/share/pj1_basics/hook/pythonpath.dsv'
[0.789s] INFO:colcon.colcon_core.shell:Creating environment hook '/home/wx/Learn/pj1_ws/install/pj1_basics/share/pj1_basics/hook/pythonpath.sh'
[0.790s] Level 1:colcon.colcon_core.environment:checking '/home/wx/Learn/pj1_ws/install/pj1_basics/bin'
[0.790s] Level 1:colcon.colcon_core.environment:create_environment_scripts_only(pj1_basics)
[0.790s] INFO:colcon.colcon_core.shell:Creating package script '/home/wx/Learn/pj1_ws/install/pj1_basics/share/pj1_basics/package.ps1'
[0.790s] INFO:colcon.colcon_core.shell:Creating package descriptor '/home/wx/Learn/pj1_ws/install/pj1_basics/share/pj1_basics/package.dsv'
[0.791s] INFO:colcon.colcon_core.shell:Creating package script '/home/wx/Learn/pj1_ws/install/pj1_basics/share/pj1_basics/package.sh'
[0.791s] INFO:colcon.colcon_core.shell:Creating package script '/home/wx/Learn/pj1_ws/install/pj1_basics/share/pj1_basics/package.bash'
[0.791s] INFO:colcon.colcon_core.shell:Creating package script '/home/wx/Learn/pj1_ws/install/pj1_basics/share/pj1_basics/package.zsh'
[0.792s] Level 1:colcon.colcon_core.environment:create_file_with_runtime_dependencies(/home/wx/Learn/pj1_ws/install/pj1_basics/share/colcon-core/packages/pj1_basics)
[0.792s] DEBUG:colcon.colcon_parallel_executor.executor.parallel:closing loop
[0.792s] DEBUG:colcon.colcon_parallel_executor.executor.parallel:loop closed
[0.792s] DEBUG:colcon.colcon_parallel_executor.executor.parallel:run_until_complete finished with '0'
[0.792s] DEBUG:colcon.colcon_core.event_reactor:joining thread
[0.795s] INFO:colcon.colcon_core.plugin_system:Skipping extension 'colcon_notification.desktop_notification.terminal_notifier': Not used on non-Darwin systems
[0.795s] INFO:colcon.colcon_core.plugin_system:Skipping extension 'colcon_notification.desktop_notification.win32': Not used on non-Windows systems
[0.795s] INFO:colcon.colcon_notification.desktop_notification:Sending desktop notification using 'notify2'
[0.802s] DEBUG:colcon.colcon_core.event_reactor:joined thread
[0.802s] INFO:colcon.colcon_core.shell:Creating prefix script '/home/wx/Learn/pj1_ws/install/local_setup.ps1'
[0.803s] INFO:colcon.colcon_core.shell:Creating prefix util module '/home/wx/Learn/pj1_ws/install/_local_setup_util_ps1.py'
[0.803s] INFO:colcon.colcon_core.shell:Creating prefix chain script '/home/wx/Learn/pj1_ws/install/setup.ps1'
[0.804s] INFO:colcon.colcon_core.shell:Creating prefix script '/home/wx/Learn/pj1_ws/install/local_setup.sh'
[0.804s] INFO:colcon.colcon_core.shell:Creating prefix util module '/home/wx/Learn/pj1_ws/install/_local_setup_util_sh.py'
[0.804s] INFO:colcon.colcon_core.shell:Creating prefix chain script '/home/wx/Learn/pj1_ws/install/setup.sh'
[0.805s] INFO:colcon.colcon_core.shell:Creating prefix script '/home/wx/Learn/pj1_ws/install/local_setup.bash'
[0.805s] INFO:colcon.colcon_core.shell:Creating prefix chain script '/home/wx/Learn/pj1_ws/install/setup.bash'
[0.805s] INFO:colcon.colcon_core.shell:Creating prefix script '/home/wx/Learn/pj1_ws/install/local_setup.zsh'
[0.805s] INFO:colcon.colcon_core.shell:Creating prefix chain script '/home/wx/Learn/pj1_ws/install/setup.zsh'
